

Processing ApplicationController#index (for 182.72.78.210 at 2012-03-19 20:28:28) [GET]

ActionController::RoutingError (No route matches "/" with {:method=>:get}):
  passenger (3.0.11) lib/phusion_passenger/rack/request_handler.rb:96:in `process_request'
  passenger (3.0.11) lib/phusion_passenger/abstract_request_handler.rb:513:in `accept_and_process_next_request'
  passenger (3.0.11) lib/phusion_passenger/abstract_request_handler.rb:274:in `main_loop'
  passenger (3.0.11) lib/phusion_passenger/classic_rails/application_spawner.rb:321:in `start_request_handler'
  passenger (3.0.11) lib/phusion_passenger/classic_rails/application_spawner.rb:275:in `send'
  passenger (3.0.11) lib/phusion_passenger/classic_rails/application_spawner.rb:275:in `handle_spawn_application'
  passenger (3.0.11) lib/phusion_passenger/utils.rb:479:in `safe_fork'
  passenger (3.0.11) lib/phusion_passenger/classic_rails/application_spawner.rb:270:in `handle_spawn_application'
  passenger (3.0.11) lib/phusion_passenger/abstract_server.rb:357:in `__send__'
  passenger (3.0.11) lib/phusion_passenger/abstract_server.rb:357:in `server_main_loop'
  passenger (3.0.11) lib/phusion_passenger/abstract_server.rb:206:in `start_synchronously'
  passenger (3.0.11) lib/phusion_passenger/abstract_server.rb:180:in `start'
  passenger (3.0.11) lib/phusion_passenger/classic_rails/application_spawner.rb:149:in `start'
  passenger (3.0.11) lib/phusion_passenger/spawn_manager.rb:219:in `spawn_rails_application'
  passenger (3.0.11) lib/phusion_passenger/abstract_server_collection.rb:132:in `lookup_or_add'
  passenger (3.0.11) lib/phusion_passenger/spawn_manager.rb:214:in `spawn_rails_application'
  passenger (3.0.11) lib/phusion_passenger/abstract_server_collection.rb:82:in `synchronize'
  passenger (3.0.11) lib/phusion_passenger/abstract_server_collection.rb:79:in `synchronize'
  passenger (3.0.11) lib/phusion_passenger/spawn_manager.rb:213:in `spawn_rails_application'
  passenger (3.0.11) lib/phusion_passenger/spawn_manager.rb:132:in `spawn_application'
  passenger (3.0.11) lib/phusion_passenger/spawn_manager.rb:275:in `handle_spawn_application'
  passenger (3.0.11) lib/phusion_passenger/abstract_server.rb:357:in `__send__'
  passenger (3.0.11) lib/phusion_passenger/abstract_server.rb:357:in `server_main_loop'
  passenger (3.0.11) lib/phusion_passenger/abstract_server.rb:206:in `start_synchronously'
  passenger (3.0.11) helper-scripts/passenger-spawn-server:99

Rendering rescues/layout (not_found)


Processing ApplicationController#index (for 182.72.78.210 at 2012-03-19 20:28:49) [GET]

ActionController::RoutingError (No route matches "/" with {:method=>:get}):
  passenger (3.0.11) lib/phusion_passenger/rack/request_handler.rb:96:in `process_request'
  passenger (3.0.11) lib/phusion_passenger/abstract_request_handler.rb:513:in `accept_and_process_next_request'
  passenger (3.0.11) lib/phusion_passenger/abstract_request_handler.rb:274:in `main_loop'
  passenger (3.0.11) lib/phusion_passenger/classic_rails/application_spawner.rb:321:in `start_request_handler'
  passenger (3.0.11) lib/phusion_passenger/classic_rails/application_spawner.rb:275:in `send'
  passenger (3.0.11) lib/phusion_passenger/classic_rails/application_spawner.rb:275:in `handle_spawn_application'
  passenger (3.0.11) lib/phusion_passenger/utils.rb:479:in `safe_fork'
  passenger (3.0.11) lib/phusion_passenger/classic_rails/application_spawner.rb:270:in `handle_spawn_application'
  passenger (3.0.11) lib/phusion_passenger/abstract_server.rb:357:in `__send__'
  passenger (3.0.11) lib/phusion_passenger/abstract_server.rb:357:in `server_main_loop'
  passenger (3.0.11) lib/phusion_passenger/abstract_server.rb:206:in `start_synchronously'
  passenger (3.0.11) lib/phusion_passenger/abstract_server.rb:180:in `start'
  passenger (3.0.11) lib/phusion_passenger/classic_rails/application_spawner.rb:149:in `start'
  passenger (3.0.11) lib/phusion_passenger/spawn_manager.rb:219:in `spawn_rails_application'
  passenger (3.0.11) lib/phusion_passenger/abstract_server_collection.rb:132:in `lookup_or_add'
  passenger (3.0.11) lib/phusion_passenger/spawn_manager.rb:214:in `spawn_rails_application'
  passenger (3.0.11) lib/phusion_passenger/abstract_server_collection.rb:82:in `synchronize'
  passenger (3.0.11) lib/phusion_passenger/abstract_server_collection.rb:79:in `synchronize'
  passenger (3.0.11) lib/phusion_passenger/spawn_manager.rb:213:in `spawn_rails_application'
  passenger (3.0.11) lib/phusion_passenger/spawn_manager.rb:132:in `spawn_application'
  passenger (3.0.11) lib/phusion_passenger/spawn_manager.rb:275:in `handle_spawn_application'
  passenger (3.0.11) lib/phusion_passenger/abstract_server.rb:357:in `__send__'
  passenger (3.0.11) lib/phusion_passenger/abstract_server.rb:357:in `server_main_loop'
  passenger (3.0.11) lib/phusion_passenger/abstract_server.rb:206:in `start_synchronously'
  passenger (3.0.11) helper-scripts/passenger-spawn-server:99

Rendering rescues/layout (not_found)


Processing HomeController#index (for 182.72.78.210 at 2012-03-19 20:30:35) [GET]
  Parameters: {"actions"=>"index"}
Rendering home/index
Completed in 149ms (View: 147 | 200 OK [http://voip.rubyconf.in/]


Processing HomeController#index (for 182.72.78.210 at 2012-03-19 20:30:41) [GET]
  Parameters: {"actions"=>"index"}
Rendering home/index
Completed in 4ms (View: 2 | 200 OK [http://voip.rubyconf.in/]


Processing HomeController#index (for 182.72.78.210 at 2012-03-19 20:44:38) [GET]
  Parameters: {"actions"=>"index"}
Rendering home/index
Completed in 5ms (View: 2 | 200 OK [http://voip.rubyconf.in/]


Processing HomeController#index (for 182.72.78.210 at 2012-03-19 20:49:23) [POST]
  Parameters: {"actions"=>"index", "number"=>"9923671649", "authenticity_token"=>"q/JMzQ1iy6mDPdkAsdJ/9vBWvHRbHVLR4URK7VT1vdw="}
Rendering home/index
Completed in 21ms (View: 2 | 200 OK [http://voip.rubyconf.in/]


Processing HomeController#index (for 182.72.78.210 at 2012-03-19 20:51:38) [POST]
  Parameters: {"actions"=>"index", "number"=>"9923671649", "authenticity_token"=>"q/JMzQ1iy6mDPdkAsdJ/9vBWvHRbHVLR4URK7VT1vdw="}
Rendering home/index
Completed in 21ms (View: 2 | 200 OK [http://voip.rubyconf.in/]


Processing HomeController#index (for 182.72.78.210 at 2012-03-19 20:54:27) [GET]
  Parameters: {"actions"=>"index"}
Rendering home/index
Completed in 5ms (View: 2 | 200 OK [http://voip.rubyconf.in/]


Processing HomeController#index (for 182.72.78.210 at 2012-03-19 20:54:31) [POST]
  Parameters: {"actions"=>"index", "number"=>"9923671649", "authenticity_token"=>"q/JMzQ1iy6mDPdkAsdJ/9vBWvHRbHVLR4URK7VT1vdw="}
Rendering home/index
Completed in 21ms (View: 2 | 200 OK [http://voip.rubyconf.in/]


Processing HomeController#index (for 182.72.78.210 at 2012-03-19 20:56:27) [POST]
  Parameters: {"actions"=>"index", "number"=>"9923671649", "authenticity_token"=>"q/JMzQ1iy6mDPdkAsdJ/9vBWvHRbHVLR4URK7VT1vdw="}
Rendering home/index
Completed in 20ms (View: 2 | 200 OK [http://voip.rubyconf.in/]


Processing HomeController#index (for 14.97.59.238 at 2012-03-20 01:41:01) [GET]
  Parameters: {"actions"=>"index"}
Rendering home/index
Completed in 73ms (View: 71 | 200 OK [http://voip.rubyconf.in/]
